Release 14.7 - xst P.20131013 (nt64)
Copyright (c) 1995-2013 Xilinx, Inc.  All rights reserved.
--> Parameter TMPDIR set to xst/projnav.tmp


Total REAL time to Xst completion: 0.00 secs
Total CPU time to Xst completion: 0.33 secs
 
--> Parameter xsthdpdir set to xst


Total REAL time to Xst completion: 0.00 secs
Total CPU time to Xst completion: 0.33 secs
 
--> Reading design: CarrySelectAdder.prj

TABLE OF CONTENTS
  1) Synthesis Options Summary
  2) HDL Parsing
  3) HDL Elaboration
  4) HDL Synthesis
       4.1) HDL Synthesis Report
  5) Advanced HDL Synthesis
       5.1) Advanced HDL Synthesis Report
  6) Low Level Synthesis
  7) Partition Report
  8) Design Summary
       8.1) Primitive and Black Box Usage
       8.2) Device utilization summary
       8.3) Partition Resource Summary
       8.4) Timing Report
            8.4.1) Clock Information
            8.4.2) Asynchronous Control Signals Information
            8.4.3) Timing Summary
            8.4.4) Timing Details
            8.4.5) Cross Clock Domains Report


=========================================================================
*                      Synthesis Options Summary                        *
=========================================================================
---- Source Parameters
Input File Name                    : "CarrySelectAdder.prj"
Ignore Synthesis Constraint File   : NO

---- Target Parameters
Output File Name                   : "CarrySelectAdder"
Output Format                      : NGC
Target Device                      : xc6slx9-2-cpg196

---- Source Options
Top Module Name                    : CarrySelectAdder
Automatic FSM Extraction           : YES
FSM Encoding Algorithm             : Auto
Safe Implementation                : No
FSM Style                          : LUT
RAM Extraction                     : Yes
RAM Style                          : Auto
ROM Extraction                     : Yes
Shift Register Extraction          : YES
ROM Style                          : Auto
Resource Sharing                   : YES
Asynchronous To Synchronous        : NO
Shift Register Minimum Size        : 2
Use DSP Block                      : Auto
Automatic Register Balancing       : No

---- Target Options
LUT Combining                      : Auto
Reduce Control Sets                : Auto
Add IO Buffers                     : YES
Global Maximum Fanout              : 100000
Add Generic Clock Buffer(BUFG)     : 16
Register Duplication               : YES
Optimize Instantiated Primitives   : NO
Use Clock Enable                   : Auto
Use Synchronous Set                : Auto
Use Synchronous Reset              : Auto
Pack IO Registers into IOBs        : Auto
Equivalent register Removal        : YES

---- General Options
Optimization Goal                  : Speed
Optimization Effort                : 1
Power Reduction                    : NO
Keep Hierarchy                     : No
Netlist Hierarchy                  : As_Optimized
RTL Output                         : Yes
Global Optimization                : AllClockNets
Read Cores                         : YES
Write Timing Constraints           : NO
Cross Clock Analysis               : NO
Hierarchy Separator                : /
Bus Delimiter                      : <>
Case Specifier                     : Maintain
Slice Utilization Ratio            : 100
BRAM Utilization Ratio             : 100
DSP48 Utilization Ratio            : 100
Auto BRAM Packing                  : NO
Slice Utilization Ratio Delta      : 5

=========================================================================


=========================================================================
*                          HDL Parsing                                  *
=========================================================================
Parsing VHDL file "C:\Users\Asus\Downloads\AZ6\Multiplication_ShiftAndAdd\FullAdder.vhd" into library work
Parsing entity <FullAdder>.
Parsing architecture <strucural> of entity <fulladder>.
Parsing VHDL file "C:\Users\Asus\Downloads\AZ6\Multiplication_ShiftAndAdd\RippleCarryAdder.vhd" into library work
Parsing entity <RippleCarryAdder>.
Parsing architecture <rtl> of entity <ripplecarryadder>.
Parsing VHDL file "C:\Users\Asus\Downloads\AZ6\Multiplication_ShiftAndAdd\CarrySelectAdder.vhd" into library work
Parsing entity <CarrySelectAdder>.
Parsing architecture <rtl> of entity <carryselectadder>.

=========================================================================
*                            HDL Elaboration                            *
=========================================================================

Elaborating entity <CarrySelectAdder> (architecture <rtl>) from library <work>.

Elaborating entity <RippleCarryAdder> (architecture <rtl>) from library <work>.

Elaborating entity <FullAdder> (architecture <strucural>) from library <work>.

=========================================================================
*                           HDL Synthesis                               *
=========================================================================

Synthesizing Unit <CarrySelectAdder>.
    Related source file is "C:\Users\Asus\Downloads\AZ6\Multiplication_ShiftAndAdd\CarrySelectAdder.vhd".
    Found 1-bit tristate buffer for signal <Add_out<7>> created at line 35
    Found 1-bit tristate buffer for signal <Add_out<6>> created at line 35
    Found 1-bit tristate buffer for signal <Add_out<5>> created at line 35
    Found 1-bit tristate buffer for signal <Add_out<4>> created at line 35
    Summary:
	inferred   4 Multiplexer(s).
	inferred   4 Tristate(s).
Unit <CarrySelectAdder> synthesized.

Synthesizing Unit <RippleCarryAdder>.
    Related source file is "C:\Users\Asus\Downloads\AZ6\Multiplication_ShiftAndAdd\RippleCarryAdder.vhd".
    Summary:
	no macro.
Unit <RippleCarryAdder> synthesized.

Synthesizing Unit <FullAdder>.
    Related source file is "C:\Users\Asus\Downloads\AZ6\Multiplication_ShiftAndAdd\FullAdder.vhd".
    Summary:
Unit <FullAdder> synthesized.

=========================================================================
HDL Synthesis Report

Macro Statistics
# Multiplexers                                         : 4
 1-bit 2-to-1 multiplexer                              : 4
# Tristates                                            : 4
 1-bit tristate buffer                                 : 4
# Xors                                                 : 24
 1-bit xor2                                            : 24

=========================================================================

=========================================================================
*                       Advanced HDL Synthesis                          *
=========================================================================


=========================================================================
Advanced HDL Synthesis Report

Macro Statistics
# Multiplexers                                         : 4
 1-bit 2-to-1 multiplexer                              : 4
# Xors                                                 : 24
 1-bit xor2                                            : 24

=========================================================================

=========================================================================
*                         Low Level Synthesis                           *
=========================================================================

Optimizing unit <CarrySelectAdder> ...

Mapping all equations...
Building and optimizing final netlist ...
Found area constraint ratio of 100 (+ 5) on block CarrySelectAdder, actual ratio is 0.

Final Macro Processing ...

=========================================================================
Final Register Report

Found no macro
=========================================================================

=========================================================================
*                           Partition Report                            *
=========================================================================

Partition Implementation Status
-------------------------------

  No Partitions were found in this design.

-------------------------------

=========================================================================
*                            Design Summary                             *
=========================================================================

Top Level Output File Name         : CarrySelectAdder.ngc

Primitive and Black Box Usage:
------------------------------
# BELS                             : 17
#      LUT2                        : 3
#      LUT3                        : 4
#      LUT4                        : 2
#      LUT5                        : 4
#      LUT6                        : 4
# IO Buffers                       : 25
#      IBUF                        : 16
#      OBUF                        : 9

Device utilization summary:
---------------------------

Selected Device : 6slx9cpg196-2 


Slice Logic Utilization: 
 Number of Slice LUTs:                   17  out of   5720     0%  
    Number used as Logic:                17  out of   5720     0%  

Slice Logic Distribution: 
 Number of LUT Flip Flop pairs used:     17
   Number with an unused Flip Flop:      17  out of     17   100%  
   Number with an unused LUT:             0  out of     17     0%  
   Number of fully used LUT-FF pairs:     0  out of     17     0%  
   Number of unique control sets:         0

IO Utilization: 
 Number of IOs:                          25
 Number of bonded IOBs:                  25  out of    106    23%  

Specific Feature Utilization:

---------------------------
Partition Resource Summary:
---------------------------

  No Partitions were found in this design.

---------------------------


=========================================================================
Timing Report

NOTE: THESE TIMING NUMBERS ARE ONLY A SYNTHESIS ESTIMATE.
      FOR ACCURATE TIMING INFORMATION PLEASE REFER TO THE TRACE REPORT
      GENERATED AFTER PLACE-and-ROUTE.

Clock Information:
------------------
No clock signals found in this design

Asynchronous Control Signals Information:
----------------------------------------
No asynchronous control signals found in this design

Timing Summary:
---------------
Speed Grade: -2

   Minimum period: No path found
   Minimum input arrival time before clock: No path found
   Maximum output required time after clock: No path found
   Maximum combinational path delay: 10.140ns

Timing Details:
---------------
All values displayed in nanoseconds (ns)

=========================================================================
Timing constraint: Default path analysis
  Total number of paths / destination ports: 96 / 9
-------------------------------------------------------------------------
Delay:               10.140ns (Levels of Logic = 6)
  Source:            in_1<2> (PAD)
  Destination:       C_out (PAD)

  Data Path: in_1<2> to C_out
                                Gate     Net
    Cell:in->out      fanout   Delay   Delay  Logical Name (Net Name)
    ----------------------------------------  ------------
     IBUF:I->O             2   1.328   1.181  in_1_2_IBUF (in_1_2_IBUF)
     LUT6:I0->O            4   0.254   0.912  RCA1/Adders[2].Level2.FA/C_out1 (RCA1/c_temp<3>)
     LUT3:I1->O            2   0.250   1.002  RCA1/Adders[3].Level3.FA/C_out1 (temp<1>)
     LUT5:I1->O            1   0.254   1.112  C_out3_SW0 (N4)
     LUT6:I1->O            1   0.254   0.681  C_out3 (C_out_OBUF)
     OBUF:I->O                 2.912          C_out_OBUF (C_out)
    ----------------------------------------
    Total                     10.140ns (5.252ns logic, 4.888ns route)
                                       (51.8% logic, 48.2% route)

=========================================================================

Cross Clock Domains Report:
--------------------------

=========================================================================


Total REAL time to Xst completion: 8.00 secs
Total CPU time to Xst completion: 8.28 secs
 
--> 

Total memory usage is 4486164 kilobytes

Number of errors   :    0 (   0 filtered)
Number of warnings :    0 (   0 filtered)
Number of infos    :    0 (   0 filtered)

