Release 14.7 - xst P.20131013 (nt64)
Copyright (c) 1995-2013 Xilinx, Inc.  All rights reserved.
--> Parameter TMPDIR set to xst/projnav.tmp


Total REAL time to Xst completion: 0.00 secs
Total CPU time to Xst completion: 0.09 secs
 
--> Parameter xsthdpdir set to xst


Total REAL time to Xst completion: 0.00 secs
Total CPU time to Xst completion: 0.09 secs
 
--> Reading design: Multiplier.prj

TABLE OF CONTENTS
  1) Synthesis Options Summary
  2) HDL Parsing
  3) HDL Elaboration
  4) HDL Synthesis
       4.1) HDL Synthesis Report
  5) Advanced HDL Synthesis
       5.1) Advanced HDL Synthesis Report
  6) Low Level Synthesis
  7) Partition Report
  8) Design Summary
       8.1) Primitive and Black Box Usage
       8.2) Device utilization summary
       8.3) Partition Resource Summary
       8.4) Timing Report
            8.4.1) Clock Information
            8.4.2) Asynchronous Control Signals Information
            8.4.3) Timing Summary
            8.4.4) Timing Details
            8.4.5) Cross Clock Domains Report


=========================================================================
*                      Synthesis Options Summary                        *
=========================================================================
---- Source Parameters
Input File Name                    : "Multiplier.prj"
Ignore Synthesis Constraint File   : NO

---- Target Parameters
Output File Name                   : "Multiplier"
Output Format                      : NGC
Target Device                      : xc6slx9-2-cpg196

---- Source Options
Top Module Name                    : Multiplier
Automatic FSM Extraction           : YES
FSM Encoding Algorithm             : Auto
Safe Implementation                : No
FSM Style                          : LUT
RAM Extraction                     : Yes
RAM Style                          : Auto
ROM Extraction                     : Yes
Shift Register Extraction          : YES
ROM Style                          : Auto
Resource Sharing                   : YES
Asynchronous To Synchronous        : NO
Shift Register Minimum Size        : 2
Use DSP Block                      : Auto
Automatic Register Balancing       : No

---- Target Options
LUT Combining                      : Auto
Reduce Control Sets                : Auto
Add IO Buffers                     : YES
Global Maximum Fanout              : 100000
Add Generic Clock Buffer(BUFG)     : 16
Register Duplication               : YES
Optimize Instantiated Primitives   : NO
Use Clock Enable                   : Auto
Use Synchronous Set                : Auto
Use Synchronous Reset              : Auto
Pack IO Registers into IOBs        : Auto
Equivalent register Removal        : YES

---- General Options
Optimization Goal                  : Speed
Optimization Effort                : 1
Power Reduction                    : NO
Keep Hierarchy                     : No
Netlist Hierarchy                  : As_Optimized
RTL Output                         : Yes
Global Optimization                : AllClockNets
Read Cores                         : YES
Write Timing Constraints           : NO
Cross Clock Analysis               : NO
Hierarchy Separator                : /
Bus Delimiter                      : <>
Case Specifier                     : Maintain
Slice Utilization Ratio            : 100
BRAM Utilization Ratio             : 100
DSP48 Utilization Ratio            : 100
Auto BRAM Packing                  : NO
Slice Utilization Ratio Delta      : 5

=========================================================================


=========================================================================
*                          HDL Parsing                                  *
=========================================================================
Parsing VHDL file "C:\Users\Asus\Downloads\AZ6\Multiplication_ShiftAndAdd\Nand3.vhd" into library work
Parsing entity <Nand3>.
Parsing architecture <strucural> of entity <nand3>.
Parsing VHDL file "C:\Users\Asus\Downloads\AZ6\Multiplication_ShiftAndAdd\Nand2.vhd" into library work
Parsing entity <Nand2>.
Parsing architecture <strucural> of entity <nand2>.
Parsing VHDL file "C:\Users\Asus\Downloads\AZ6\Multiplication_ShiftAndAdd\FullAdder.vhd" into library work
Parsing entity <FullAdder>.
Parsing architecture <strucural> of entity <fulladder>.
Parsing VHDL file "C:\Users\Asus\Downloads\AZ6\Multiplication_ShiftAndAdd\DFlipFlop.vhd" into library work
Parsing entity <DFlipFlop>.
Parsing architecture <strucural> of entity <dflipflop>.
Parsing VHDL file "C:\Users\Asus\Downloads\AZ6\Multiplication_ShiftAndAdd\ripple_carry_adder_new.vhd" into library work
Parsing entity <ripple_carry_adder_new>.
Parsing architecture <struc> of entity <ripple_carry_adder_new>.
Parsing VHDL file "C:\Users\Asus\Downloads\AZ6\Multiplication_ShiftAndAdd\Product_16bit.vhd" into library work
Parsing entity <Product_16bit>.
Parsing architecture <rtl> of entity <product_16bit>.
Parsing VHDL file "C:\Users\Asus\Downloads\AZ6\Multiplication_ShiftAndAdd\Multiplicand_register_8bit.vhd" into library work
Parsing entity <Multiplicand_register_8bit>.
Parsing architecture <structural> of entity <multiplicand_register_8bit>.
Parsing VHDL file "C:\Users\Asus\Downloads\AZ6\Multiplication_ShiftAndAdd\Controller_unit.vhd" into library work
Parsing entity <Controller_unit>.
Parsing architecture <rtl> of entity <controller_unit>.
Parsing VHDL file "C:\Users\Asus\Downloads\AZ6\Multiplication_ShiftAndAdd\Multiplier.vhd" into library work
Parsing entity <Multiplier>.
Parsing architecture <rtl> of entity <multiplier>.

=========================================================================
*                            HDL Elaboration                            *
=========================================================================

Elaborating entity <Multiplier> (architecture <rtl>) from library <work>.

Elaborating entity <ripple_carry_adder_new> (architecture <struc>) from library <work>.

Elaborating entity <FullAdder> (architecture <strucural>) from library <work>.

Elaborating entity <Controller_unit> (architecture <rtl>) from library <work>.

Elaborating entity <Multiplicand_register_8bit> (architecture <structural>) from library <work>.

Elaborating entity <DFlipFlop> (architecture <strucural>) from library <work>.

Elaborating entity <Nand2> (architecture <strucural>) from library <work>.

Elaborating entity <Nand3> (architecture <strucural>) from library <work>.

Elaborating entity <Product_16bit> (architecture <rtl>) from library <work>.

=========================================================================
*                           HDL Synthesis                               *
=========================================================================

Synthesizing Unit <Multiplier>.
    Related source file is "C:\Users\Asus\Downloads\AZ6\Multiplication_ShiftAndAdd\Multiplier.vhd".
    Summary:
	no macro.
Unit <Multiplier> synthesized.

Synthesizing Unit <ripple_carry_adder_new>.
    Related source file is "C:\Users\Asus\Downloads\AZ6\Multiplication_ShiftAndAdd\ripple_carry_adder_new.vhd".
    Summary:
	no macro.
Unit <ripple_carry_adder_new> synthesized.

Synthesizing Unit <FullAdder>.
    Related source file is "C:\Users\Asus\Downloads\AZ6\Multiplication_ShiftAndAdd\FullAdder.vhd".
    Summary:
Unit <FullAdder> synthesized.

Synthesizing Unit <Controller_unit>.
    Related source file is "C:\Users\Asus\Downloads\AZ6\Multiplication_ShiftAndAdd\Controller_unit.vhd".
    Found 3-bit register for signal <temp_count>.
    Found 3-bit register for signal <state>.
    Found finite state machine <FSM_0> for signal <state>.
    -----------------------------------------------------------------------
    | States             | 5                                              |
    | Transitions        | 8                                              |
    | Inputs             | 3                                              |
    | Outputs            | 5                                              |
    | Clock              | clk (rising_edge)                              |
    | Reset              | RST (negative)                                 |
    | Reset type         | asynchronous                                   |
    | Reset State        | s0                                             |
    | Power Up State     | s0                                             |
    | Encoding           | auto                                           |
    | Implementation     | LUT                                            |
    -----------------------------------------------------------------------
    Found 3-bit adder for signal <temp_count[2]_GND_8_o_add_3_OUT> created at line 78.
    Summary:
	inferred   1 Adder/Subtractor(s).
	inferred   3 D-type flip-flop(s).
	inferred   1 Multiplexer(s).
	inferred   1 Finite State Machine(s).
Unit <Controller_unit> synthesized.

Synthesizing Unit <Multiplicand_register_8bit>.
    Related source file is "C:\Users\Asus\Downloads\AZ6\Multiplication_ShiftAndAdd\Multiplicand_register_8bit.vhd".
    Summary:
	no macro.
Unit <Multiplicand_register_8bit> synthesized.

Synthesizing Unit <DFlipFlop>.
    Related source file is "C:\Users\Asus\Downloads\AZ6\Multiplication_ShiftAndAdd\DFlipFlop.vhd".
    Summary:
	no macro.
Unit <DFlipFlop> synthesized.

Synthesizing Unit <Nand2>.
    Related source file is "C:\Users\Asus\Downloads\AZ6\Multiplication_ShiftAndAdd\Nand2.vhd".
    Summary:
	no macro.
Unit <Nand2> synthesized.

Synthesizing Unit <Nand3>.
    Related source file is "C:\Users\Asus\Downloads\AZ6\Multiplication_ShiftAndAdd\Nand3.vhd".
    Summary:
	no macro.
Unit <Nand3> synthesized.

Synthesizing Unit <Product_16bit>.
    Related source file is "C:\Users\Asus\Downloads\AZ6\Multiplication_ShiftAndAdd\Product_16bit.vhd".
    Found 1-bit register for signal <temp_Add>.
    Found 17-bit register for signal <temp_register>.
    Summary:
	inferred  18 D-type flip-flop(s).
	inferred  11 Multiplexer(s).
Unit <Product_16bit> synthesized.

=========================================================================
HDL Synthesis Report

Macro Statistics
# Adders/Subtractors                                   : 1
 3-bit adder                                           : 1
# Registers                                            : 3
 1-bit register                                        : 1
 17-bit register                                       : 1
 3-bit register                                        : 1
# Multiplexers                                         : 12
 1-bit 2-to-1 multiplexer                              : 10
 17-bit 2-to-1 multiplexer                             : 1
 3-bit 2-to-1 multiplexer                              : 1
# FSMs                                                 : 1
# Xors                                                 : 16
 1-bit xor2                                            : 16

=========================================================================

=========================================================================
*                       Advanced HDL Synthesis                          *
=========================================================================


Synthesizing (advanced) Unit <Controller_unit>.
The following registers are absorbed into counter <temp_count>: 1 register on signal <temp_count>.
Unit <Controller_unit> synthesized (advanced).

=========================================================================
Advanced HDL Synthesis Report

Macro Statistics
# Counters                                             : 1
 3-bit up counter                                      : 1
# Registers                                            : 18
 Flip-Flops                                            : 18
# Multiplexers                                         : 11
 1-bit 2-to-1 multiplexer                              : 10
 17-bit 2-to-1 multiplexer                             : 1
# FSMs                                                 : 1
# Xors                                                 : 16
 1-bit xor2                                            : 16

=========================================================================

=========================================================================
*                         Low Level Synthesis                           *
=========================================================================
Analyzing FSM <MFsm> for best encoding.
Optimizing FSM <FSM_0> on signal <state[1:5]> with one-hot encoding.
---------------------
 State   | Encoding
---------------------
 s0      | 00001
 s1      | 00010
 test    | 00100
 add_1   | 01000
 shift_1 | 10000
---------------------
WARNING:Xst:1710 - FF/Latch <temp_register_16> (without init value) has a constant value of 0 in block <Product_16bit>. This FF/Latch will be trimmed during the optimization process.
WARNING:Xst:2170 - Unit Multiplicand_register_8bit : the following signal(s) form a combinatorial loop: DFlipFlops[7].DFlipFlop_res/na3/IN1_IN3_AND_6_o, DFlipFlops[7].DFlipFlop_res/na2/IN1_IN3_AND_6_o, in_1<7>, DFlipFlops[7].DFlipFlop_res/NAND4/IN1_IN3_AND_6_o.
WARNING:Xst:2170 - Unit Multiplicand_register_8bit : the following signal(s) form a combinatorial loop: DFlipFlops[6].DFlipFlop_res/NAND4/IN1_IN3_AND_6_o, DFlipFlops[6].DFlipFlop_res/na2/IN1_IN3_AND_6_o, in_1<6>, DFlipFlops[6].DFlipFlop_res/na3/IN1_IN3_AND_6_o.
WARNING:Xst:2170 - Unit Multiplicand_register_8bit : the following signal(s) form a combinatorial loop: DFlipFlops[5].DFlipFlop_res/na3/IN1_IN3_AND_6_o, DFlipFlops[5].DFlipFlop_res/NAND4/IN1_IN3_AND_6_o, in_1<5>, DFlipFlops[5].DFlipFlop_res/na2/IN1_IN3_AND_6_o.
WARNING:Xst:2170 - Unit Multiplicand_register_8bit : the following signal(s) form a combinatorial loop: DFlipFlops[4].DFlipFlop_res/na2/IN1_IN3_AND_6_o, DFlipFlops[4].DFlipFlop_res/na3/IN1_IN3_AND_6_o, DFlipFlops[4].DFlipFlop_res/NAND4/IN1_IN3_AND_6_o, in_1<4>.
WARNING:Xst:2170 - Unit Multiplicand_register_8bit : the following signal(s) form a combinatorial loop: DFlipFlops[3].DFlipFlop_res/na3/IN1_IN3_AND_6_o, DFlipFlops[3].DFlipFlop_res/na2/IN1_IN3_AND_6_o, in_1<3>, DFlipFlops[3].DFlipFlop_res/NAND4/IN1_IN3_AND_6_o.
WARNING:Xst:2170 - Unit Multiplicand_register_8bit : the following signal(s) form a combinatorial loop: DFlipFlops[2].DFlipFlop_res/na2/IN1_IN3_AND_6_o, DFlipFlops[2].DFlipFlop_res/NAND4/IN1_IN3_AND_6_o, in_1<2>, DFlipFlops[2].DFlipFlop_res/na3/IN1_IN3_AND_6_o.
WARNING:Xst:2170 - Unit Multiplicand_register_8bit : the following signal(s) form a combinatorial loop: DFlipFlops[1].DFlipFlop_res/NAND4/IN1_IN3_AND_6_o, DFlipFlops[1].DFlipFlop_res/na2/IN1_IN3_AND_6_o, DFlipFlops[1].DFlipFlop_res/na3/IN1_IN3_AND_6_o, in_1<1>.
WARNING:Xst:2170 - Unit Multiplicand_register_8bit : the following signal(s) form a combinatorial loop: DFlipFlops[0].DFlipFlop_res/NAND4/IN1_IN3_AND_6_o, DFlipFlops[0].DFlipFlop_res/na2/IN1_IN3_AND_6_o, in_1<0>, DFlipFlops[0].DFlipFlop_res/na3/IN1_IN3_AND_6_o.
WARNING:Xst:2170 - Unit Multiplicand_register_8bit : the following signal(s) form a combinatorial loop: DFlipFlops[2].DFlipFlop_res/na2/IN1_IN3_AND_6_o.
WARNING:Xst:2170 - Unit Multiplicand_register_8bit : the following signal(s) form a combinatorial loop: DFlipFlops[0].DFlipFlop_res/na2/IN1_IN3_AND_6_o.
WARNING:Xst:2170 - Unit Multiplicand_register_8bit : the following signal(s) form a combinatorial loop: DFlipFlops[1].DFlipFlop_res/na2/IN1_IN3_AND_6_o.
WARNING:Xst:2170 - Unit Multiplicand_register_8bit : the following signal(s) form a combinatorial loop: DFlipFlops[4].DFlipFlop_res/na2/IN1_IN3_AND_6_o.
WARNING:Xst:2170 - Unit Multiplicand_register_8bit : the following signal(s) form a combinatorial loop: DFlipFlops[6].DFlipFlop_res/na2/IN1_IN3_AND_6_o.
WARNING:Xst:2170 - Unit Multiplicand_register_8bit : the following signal(s) form a combinatorial loop: DFlipFlops[3].DFlipFlop_res/na2/IN1_IN3_AND_6_o.
WARNING:Xst:2170 - Unit Multiplicand_register_8bit : the following signal(s) form a combinatorial loop: DFlipFlops[7].DFlipFlop_res/na2/IN1_IN3_AND_6_o.
WARNING:Xst:2170 - Unit Multiplicand_register_8bit : the following signal(s) form a combinatorial loop: DFlipFlops[5].DFlipFlop_res/na2/IN1_IN3_AND_6_o.

Optimizing unit <Multiplier> ...

Optimizing unit <Multiplicand_register_8bit> ...

Optimizing unit <Product_16bit> ...

Optimizing unit <ripple_carry_adder_new> ...

Mapping all equations...
Building and optimizing final netlist ...
Found area constraint ratio of 100 (+ 5) on block Multiplier, actual ratio is 1.

Final Macro Processing ...

=========================================================================
Final Register Report

Macro Statistics
# Registers                                            : 25
 Flip-Flops                                            : 25

=========================================================================

=========================================================================
*                           Partition Report                            *
=========================================================================

Partition Implementation Status
-------------------------------

  No Partitions were found in this design.

-------------------------------

=========================================================================
*                            Design Summary                             *
=========================================================================

Top Level Output File Name         : Multiplier.ngc

Primitive and Black Box Usage:
------------------------------
# BELS                             : 66
#      INV                         : 2
#      LUT2                        : 7
#      LUT3                        : 12
#      LUT4                        : 9
#      LUT5                        : 26
#      LUT6                        : 10
# FlipFlops/Latches                : 25
#      FDC                         : 4
#      FDCE                        : 20
#      FDP                         : 1
# Clock Buffers                    : 1
#      BUFGP                       : 1
# IO Buffers                       : 35
#      IBUF                        : 18
#      OBUF                        : 17

Device utilization summary:
---------------------------

Selected Device : 6slx9cpg196-2 


Slice Logic Utilization: 
 Number of Slice Registers:              25  out of  11440     0%  
 Number of Slice LUTs:                   66  out of   5720     1%  
    Number used as Logic:                66  out of   5720     1%  

Slice Logic Distribution: 
 Number of LUT Flip Flop pairs used:     66
   Number with an unused Flip Flop:      41  out of     66    62%  
   Number with an unused LUT:             0  out of     66     0%  
   Number of fully used LUT-FF pairs:    25  out of     66    37%  
   Number of unique control sets:         4

IO Utilization: 
 Number of IOs:                          36
 Number of bonded IOBs:                  36  out of    106    33%  

Specific Feature Utilization:
 Number of BUFG/BUFGCTRLs:                1  out of     16     6%  

---------------------------
Partition Resource Summary:
---------------------------

  No Partitions were found in this design.

---------------------------


=========================================================================
Timing Report

NOTE: THESE TIMING NUMBERS ARE ONLY A SYNTHESIS ESTIMATE.
      FOR ACCURATE TIMING INFORMATION PLEASE REFER TO THE TRACE REPORT
      GENERATED AFTER PLACE-and-ROUTE.

Clock Information:
------------------
-----------------------------------+------------------------+-------+
Clock Signal                       | Clock buffer(FF name)  | Load  |
-----------------------------------+------------------------+-------+
clk                                | BUFGP                  | 25    |
-----------------------------------+------------------------+-------+

Asynchronous Control Signals Information:
----------------------------------------
No asynchronous control signals found in this design

Timing Summary:
---------------
Speed Grade: -2

   Minimum period: 7.829ns (Maximum Frequency: 127.730MHz)
   Minimum input arrival time before clock: 8.646ns
   Maximum output required time after clock: 4.346ns
   Maximum combinational path delay: No path found

Timing Details:
---------------
All values displayed in nanoseconds (ns)

=========================================================================
Timing constraint: Default period analysis for Clock 'clk'
  Clock period: 7.829ns (frequency: 127.730MHz)
  Total number of paths / destination ports: 337 / 45
-------------------------------------------------------------------------
Delay:               7.829ns (Levels of Logic = 5)
  Source:            inst_Controller/state_FSM_FFd4 (FF)
  Destination:       inst_Multiplier_Result/temp_register_15 (FF)
  Source Clock:      clk rising
  Destination Clock: clk rising

  Data Path: inst_Controller/state_FSM_FFd4 to inst_Multiplier_Result/temp_register_15
                                Gate     Net
    Cell:in->out      fanout   Delay   Delay  Logical Name (Net Name)
    ----------------------------------------  ------------
     FDC:C->Q             18   0.525   1.665  inst_Controller/state_FSM_FFd4 (inst_Controller/state_FSM_FFd4)
     LUT5:I0->O            3   0.254   1.196  inst_Multiplicand/DFlipFlops[7].DFlipFlop_res/na2/IN1_IN3_AND_6_o1 (inst_Multiplicand/DFlipFlops[7].DFlipFlop_res/na2/IN1_IN3_AND_6_o)
     LUT5:I0->O            3   0.254   1.042  inst_Multiplicand/DFlipFlops[7].DFlipFlop_res/na3/IN1_IN3_AND_6_o1 (inst_Multiplicand/DFlipFlops[7].DFlipFlop_res/na3/IN1_IN3_AND_6_o)
     LUT4:I0->O            5   0.254   0.949  inst_Multiplicand/DFlipFlops[7].DFlipFlop_res/NAND5/OUT11 (RA<7>)
     LUT5:I3->O            1   0.250   1.112  inst_RCA/Add_out<7>11_SW0 (N5)
     LUT6:I1->O            1   0.254   0.000  inst_Multiplier_Result/Mmux_temp_register[16]_GND_13_o_mux_1_OUT61 (inst_Multiplier_Result/temp_register[16]_GND_13_o_mux_1_OUT<14>)
     FDCE:D                    0.074          inst_Multiplier_Result/temp_register_14
    ----------------------------------------
    Total                      7.829ns (1.865ns logic, 5.964ns route)
                                       (23.8% logic, 76.2% route)

=========================================================================
Timing constraint: Default OFFSET IN BEFORE for Clock 'clk'
  Total number of paths / destination ports: 448 / 43
-------------------------------------------------------------------------
Offset:              8.646ns (Levels of Logic = 6)
  Source:            RST (PAD)
  Destination:       inst_Multiplier_Result/temp_register_15 (FF)
  Destination Clock: clk rising

  Data Path: RST to inst_Multiplier_Result/temp_register_15
                                Gate     Net
    Cell:in->out      fanout   Delay   Delay  Logical Name (Net Name)
    ----------------------------------------  ------------
     IBUF:I->O            25   1.328   1.679  RST_IBUF (RST_IBUF)
     LUT5:I1->O            3   0.254   1.196  inst_Multiplicand/DFlipFlops[7].DFlipFlop_res/na2/IN1_IN3_AND_6_o1 (inst_Multiplicand/DFlipFlops[7].DFlipFlop_res/na2/IN1_IN3_AND_6_o)
     LUT5:I0->O            3   0.254   1.042  inst_Multiplicand/DFlipFlops[7].DFlipFlop_res/na3/IN1_IN3_AND_6_o1 (inst_Multiplicand/DFlipFlops[7].DFlipFlop_res/na3/IN1_IN3_AND_6_o)
     LUT4:I0->O            5   0.254   0.949  inst_Multiplicand/DFlipFlops[7].DFlipFlop_res/NAND5/OUT11 (RA<7>)
     LUT5:I3->O            1   0.250   1.112  inst_RCA/Add_out<7>11_SW0 (N5)
     LUT6:I1->O            1   0.254   0.000  inst_Multiplier_Result/Mmux_temp_register[16]_GND_13_o_mux_1_OUT61 (inst_Multiplier_Result/temp_register[16]_GND_13_o_mux_1_OUT<14>)
     FDCE:D                    0.074          inst_Multiplier_Result/temp_register_14
    ----------------------------------------
    Total                      8.646ns (2.668ns logic, 5.978ns route)
                                       (30.9% logic, 69.1% route)

=========================================================================
Timing constraint: Default OFFSET OUT AFTER for Clock 'clk'
  Total number of paths / destination ports: 17 / 17
-------------------------------------------------------------------------
Offset:              4.346ns (Levels of Logic = 1)
  Source:            inst_Multiplier_Result/temp_register_14 (FF)
  Destination:       in_3<14> (PAD)
  Source Clock:      clk rising

  Data Path: inst_Multiplier_Result/temp_register_14 to in_3<14>
                                Gate     Net
    Cell:in->out      fanout   Delay   Delay  Logical Name (Net Name)
    ----------------------------------------  ------------
     FDCE:C->Q             7   0.525   0.909  inst_Multiplier_Result/temp_register_14 (inst_Multiplier_Result/temp_register_14)
     OBUF:I->O                 2.912          in_3_14_OBUF (in_3<14>)
    ----------------------------------------
    Total                      4.346ns (3.437ns logic, 0.909ns route)
                                       (79.1% logic, 20.9% route)

=========================================================================

Cross Clock Domains Report:
--------------------------

Clock to Setup on destination clock clk
---------------+---------+---------+---------+---------+
               | Src:Rise| Src:Fall| Src:Rise| Src:Fall|
Source Clock   |Dest:Rise|Dest:Rise|Dest:Fall|Dest:Fall|
---------------+---------+---------+---------+---------+
clk            |    7.829|         |         |         |
---------------+---------+---------+---------+---------+

=========================================================================


Total REAL time to Xst completion: 4.00 secs
Total CPU time to Xst completion: 4.69 secs
 
--> 

Total memory usage is 4486180 kilobytes

Number of errors   :    0 (   0 filtered)
Number of warnings :   17 (   0 filtered)
Number of infos    :    0 (   0 filtered)

