Release 14.7 - xst P.20131013 (nt64)
Copyright (c) 1995-2013 Xilinx, Inc.  All rights reserved.
--> Parameter TMPDIR set to xst/projnav.tmp


Total REAL time to Xst completion: 0.00 secs
Total CPU time to Xst completion: 0.14 secs
 
--> Parameter xsthdpdir set to xst


Total REAL time to Xst completion: 0.00 secs
Total CPU time to Xst completion: 0.14 secs
 
--> Reading design: contoroll.prj

TABLE OF CONTENTS
  1) Synthesis Options Summary
  2) HDL Compilation
  3) Design Hierarchy Analysis
  4) HDL Analysis
  5) HDL Synthesis
     5.1) HDL Synthesis Report
  6) Advanced HDL Synthesis
     6.1) Advanced HDL Synthesis Report
  7) Low Level Synthesis
  8) Partition Report
  9) Final Report
	9.1) Device utilization summary
	9.2) Partition Resource Summary
	9.3) TIMING REPORT


=========================================================================
*                      Synthesis Options Summary                        *
=========================================================================
---- Source Parameters
Input File Name                    : "contoroll.prj"
Input Format                       : mixed
Ignore Synthesis Constraint File   : NO

---- Target Parameters
Output File Name                   : "contoroll"
Output Format                      : NGC
Target Device                      : xc3s400-5-pq208

---- Source Options
Top Module Name                    : contoroll
Automatic FSM Extraction           : YES
FSM Encoding Algorithm             : Auto
Safe Implementation                : No
FSM Style                          : LUT
RAM Extraction                     : Yes
RAM Style                          : Auto
ROM Extraction                     : Yes
Mux Style                          : Auto
Decoder Extraction                 : YES
Priority Encoder Extraction        : Yes
Shift Register Extraction          : YES
Logical Shifter Extraction         : YES
XOR Collapsing                     : YES
ROM Style                          : Auto
Mux Extraction                     : Yes
Resource Sharing                   : YES
Asynchronous To Synchronous        : NO
Multiplier Style                   : Auto
Automatic Register Balancing       : No

---- Target Options
Add IO Buffers                     : YES
Global Maximum Fanout              : 500
Add Generic Clock Buffer(BUFG)     : 8
Register Duplication               : YES
Slice Packing                      : YES
Optimize Instantiated Primitives   : NO
Use Clock Enable                   : Yes
Use Synchronous Set                : Yes
Use Synchronous Reset              : Yes
Pack IO Registers into IOBs        : Auto
Equivalent register Removal        : YES

---- General Options
Optimization Goal                  : Speed
Optimization Effort                : 1
Keep Hierarchy                     : No
Netlist Hierarchy                  : As_Optimized
RTL Output                         : Yes
Global Optimization                : AllClockNets
Read Cores                         : YES
Write Timing Constraints           : NO
Cross Clock Analysis               : NO
Hierarchy Separator                : /
Bus Delimiter                      : <>
Case Specifier                     : Maintain
Slice Utilization Ratio            : 100
BRAM Utilization Ratio             : 100
Verilog 2001                       : YES
Auto BRAM Packing                  : NO
Slice Utilization Ratio Delta      : 5

=========================================================================


=========================================================================
*                          HDL Compilation                              *
=========================================================================
Compiling vhdl file "C:/Users/Asus/Desktop/lab7/universal_without_mux_dff/contoroll.vhd" in Library work.
Entity <contoroll> compiled.
Entity <contoroll> (Architecture <behavioural>) compiled.

=========================================================================
*                     Design Hierarchy Analysis                         *
=========================================================================
Analyzing hierarchy for entity <contoroll> in library <work> (architecture <behavioural>).


=========================================================================
*                            HDL Analysis                               *
=========================================================================
Analyzing Entity <contoroll> in library <work> (Architecture <behavioural>).
WARNING:Xst:819 - "C:/Users/Asus/Desktop/lab7/universal_without_mux_dff/contoroll.vhd" line 45: One or more signals are missing in the process sensitivity list. To enable synthesis of FPGA/CPLD hardware, XST will assume that all necessary signals are present in the sensitivity list. Please note that the result of the synthesis may differ from the initial design specification. The missing signals are:
   <Reset>, <reg_middle>
Entity <contoroll> analyzed. Unit <contoroll> generated.


=========================================================================
*                           HDL Synthesis                               *
=========================================================================

Performing bidirectional port resolution...

Synthesizing Unit <contoroll>.
    Related source file is "C:/Users/Asus/Desktop/lab7/universal_without_mux_dff/contoroll.vhd".
    Found 4-bit register for signal <reg_middle>.
    Summary:
	inferred   4 D-type flip-flop(s).
Unit <contoroll> synthesized.


=========================================================================
HDL Synthesis Report

Macro Statistics
# Registers                                            : 4
 1-bit register                                        : 4

=========================================================================

=========================================================================
*                       Advanced HDL Synthesis                          *
=========================================================================


=========================================================================
Advanced HDL Synthesis Report

Macro Statistics
# Registers                                            : 4
 Flip-Flops                                            : 4

=========================================================================

=========================================================================
*                         Low Level Synthesis                           *
=========================================================================

Optimizing unit <contoroll> ...

Mapping all equations...
Building and optimizing final netlist ...
Found area constraint ratio of 100 (+ 5) on block contoroll, actual ratio is 0.

Final Macro Processing ...

=========================================================================
Final Register Report

Macro Statistics
# Registers                                            : 4
 Flip-Flops                                            : 4

=========================================================================

=========================================================================
*                           Partition Report                            *
=========================================================================

Partition Implementation Status
-------------------------------

  No Partitions were found in this design.

-------------------------------

=========================================================================
*                            Final Report                               *
=========================================================================
Final Results
RTL Top Level Output File Name     : contoroll.ngr
Top Level Output File Name         : contoroll
Output Format                      : NGC
Optimization Goal                  : Speed
Keep Hierarchy                     : No

Design Statistics
# IOs                              : 15

Cell Usage :
# BELS                             : 16
#      LUT3                        : 3
#      LUT3_L                      : 1
#      LUT4                        : 9
#      LUT4_L                      : 3
# FlipFlops/Latches                : 4
#      FDC                         : 4
# Clock Buffers                    : 1
#      BUFGP                       : 1
# IO Buffers                       : 14
#      IBUF                        : 10
#      OBUF                        : 4
=========================================================================

Device utilization summary:
---------------------------

Selected Device : 3s400pq208-5 

 Number of Slices:                        9  out of   3584     0%  
 Number of Slice Flip Flops:              4  out of   7168     0%  
 Number of 4 input LUTs:                 16  out of   7168     0%  
 Number of IOs:                          15
 Number of bonded IOBs:                  15  out of    141    10%  
 Number of GCLKs:                         1  out of      8    12%  

---------------------------
Partition Resource Summary:
---------------------------

  No Partitions were found in this design.

---------------------------


=========================================================================
TIMING REPORT

NOTE: THESE TIMING NUMBERS ARE ONLY A SYNTHESIS ESTIMATE.
      FOR ACCURATE TIMING INFORMATION PLEASE REFER TO THE TRACE REPORT
      GENERATED AFTER PLACE-and-ROUTE.

Clock Information:
------------------
-----------------------------------+------------------------+-------+
Clock Signal                       | Clock buffer(FF name)  | Load  |
-----------------------------------+------------------------+-------+
clk                                | BUFGP                  | 4     |
-----------------------------------+------------------------+-------+

Asynchronous Control Signals Information:
----------------------------------------
-----------------------------------+------------------------+-------+
Control Signal                     | Buffer(FF name)        | Load  |
-----------------------------------+------------------------+-------+
Reset                              | IBUF                   | 4     |
-----------------------------------+------------------------+-------+

Timing Summary:
---------------
Speed Grade: -5

   Minimum period: 3.302ns (Maximum Frequency: 302.819MHz)
   Minimum input arrival time before clock: 3.945ns
   Maximum output required time after clock: 6.314ns
   Maximum combinational path delay: No path found

Timing Detail:
--------------
All values displayed in nanoseconds (ns)

=========================================================================
Timing constraint: Default period analysis for Clock 'clk'
  Clock period: 3.302ns (frequency: 302.819MHz)
  Total number of paths / destination ports: 10 / 4
-------------------------------------------------------------------------
Delay:               3.302ns (Levels of Logic = 2)
  Source:            reg_middle_1 (FF)
  Destination:       reg_middle_2 (FF)
  Source Clock:      clk rising
  Destination Clock: clk rising

  Data Path: reg_middle_1 to reg_middle_2
                                Gate     Net
    Cell:in->out      fanout   Delay   Delay  Logical Name (Net Name)
    ----------------------------------------  ------------
     FDC:C->Q              4   0.626   0.838  reg_middle_1 (reg_middle_1)
     LUT3:I2->O            1   0.479   0.704  reg_middle_2_mux0000111 (reg_middle_2_mux0000111)
     LUT4:I3->O            1   0.479   0.000  reg_middle_2_mux000053 (reg_middle_2_mux0000)
     FDC:D                     0.176          reg_middle_2
    ----------------------------------------
    Total                      3.302ns (1.760ns logic, 1.542ns route)
                                       (53.3% logic, 46.7% route)

=========================================================================
Timing constraint: Default OFFSET IN BEFORE for Clock 'clk'
  Total number of paths / destination ports: 38 / 4
-------------------------------------------------------------------------
Offset:              3.945ns (Levels of Logic = 3)
  Source:            Select_parametr<0> (PAD)
  Destination:       reg_middle_0 (FF)
  Destination Clock: clk rising

  Data Path: Select_parametr<0> to reg_middle_0
                                Gate     Net
    Cell:in->out      fanout   Delay   Delay  Logical Name (Net Name)
    ----------------------------------------  ------------
     IBUF:I->O            12   0.715   1.120  Select_parametr_0_IBUF (Select_parametr_0_IBUF)
     LUT4:I1->O            1   0.479   0.976  reg_middle_3_mux00005 (reg_middle_3_mux00005)
     LUT4:I0->O            1   0.479   0.000  reg_middle_3_mux000053 (reg_middle_3_mux0000)
     FDC:D                     0.176          reg_middle_3
    ----------------------------------------
    Total                      3.945ns (1.849ns logic, 2.096ns route)
                                       (46.9% logic, 53.1% route)

=========================================================================
Timing constraint: Default OFFSET OUT AFTER for Clock 'clk'
  Total number of paths / destination ports: 4 / 4
-------------------------------------------------------------------------
Offset:              6.314ns (Levels of Logic = 1)
  Source:            reg_middle_2 (FF)
  Destination:       Q<2> (PAD)
  Source Clock:      clk rising

  Data Path: reg_middle_2 to Q<2>
                                Gate     Net
    Cell:in->out      fanout   Delay   Delay  Logical Name (Net Name)
    ----------------------------------------  ------------
     FDC:C->Q              4   0.626   0.779  reg_middle_2 (reg_middle_2)
     OBUF:I->O                 4.909          Q_2_OBUF (Q<2>)
    ----------------------------------------
    Total                      6.314ns (5.535ns logic, 0.779ns route)
                                       (87.7% logic, 12.3% route)

=========================================================================


Total REAL time to Xst completion: 6.00 secs
Total CPU time to Xst completion: 5.80 secs
 
--> 

Total memory usage is 4497436 kilobytes

Number of errors   :    0 (   0 filtered)
Number of warnings :    1 (   0 filtered)
Number of infos    :    0 (   0 filtered)

