--------------------------------------------------------------------------------
Release 14.7 Trace  (nt64)
Copyright (c) 1995-2013 Xilinx, Inc.  All rights reserved.

C:\Xilinx\14.7\ISE_DS\ISE\bin\nt64\unwrapped\trce.exe -intstyle ise -v 3 -s 2
-n 3 -fastpaths -xml comparator_4_bit.twx comparator_4_bit.ncd -o
comparator_4_bit.twr comparator_4_bit.pcf

Design file:              comparator_4_bit.ncd
Physical constraint file: comparator_4_bit.pcf
Device,package,speed:     xc6slx9,tqg144,C,-2 (PRODUCTION 1.23 2013-10-13)
Report level:             verbose report

Environment Variable      Effect 
--------------------      ------ 
NONE                      No environment variables were set
--------------------------------------------------------------------------------

INFO:Timing:2698 - No timing constraints found, doing default enumeration.
INFO:Timing:3412 - To improve timing, see the Timing Closure User Guide (UG612).
INFO:Timing:2752 - To get complete path coverage, use the unconstrained paths 
   option. All paths that are not constrained will be reported in the 
   unconstrained paths section(s) of the report.
INFO:Timing:3339 - The clock-to-out numbers in this timing report are based on 
   a 50 Ohm transmission line loading model.  For the details of this model, 
   and for more information on accounting for different loading conditions, 
   please see the device datasheet.



Data Sheet report:
-----------------
All values displayed in nanoseconds (ns)

Pad to Pad
---------------+---------------+---------+
Source Pad     |Destination Pad|  Delay  |
---------------+---------------+---------+
First<0>       |Equal          |   10.228|
First<0>       |Greater        |    9.083|
First<0>       |Smaller        |    9.646|
First<1>       |Equal          |   10.362|
First<1>       |Greater        |    9.250|
First<1>       |Smaller        |    9.780|
First<2>       |Equal          |    9.188|
First<2>       |Greater        |    9.076|
First<2>       |Smaller        |    9.073|
First<3>       |Equal          |    9.364|
First<3>       |Greater        |    9.013|
First<3>       |Smaller        |    9.461|
Second<0>      |Equal          |   10.285|
Second<0>      |Greater        |    9.222|
Second<0>      |Smaller        |    9.703|
Second<1>      |Equal          |    9.989|
Second<1>      |Greater        |    9.096|
Second<1>      |Smaller        |    9.407|
Second<2>      |Equal          |    8.835|
Second<2>      |Greater        |    8.716|
Second<2>      |Smaller        |    8.866|
Second<3>      |Equal          |    8.427|
Second<3>      |Greater        |    8.295|
Second<3>      |Smaller        |    8.348|
---------------+---------------+---------+


Analysis completed Tue Mar 01 06:54:52 2022 
--------------------------------------------------------------------------------

Trace Settings:
-------------------------
Trace Settings 

Peak Memory Usage: 4571 MB



