--------------------------------------------------------------------------------
Release 14.7 Trace  (nt64)
Copyright (c) 1995-2013 Xilinx, Inc.  All rights reserved.

I:\Xilinx\14.7\ISE_DS\ISE\bin\nt64\unwrapped\trce.exe -intstyle ise -v 3 -s 2
-n 3 -fastpaths -xml CarrySelectAdder8bit.twx CarrySelectAdder8bit.ncd -o
CarrySelectAdder8bit.twr CarrySelectAdder8bit.pcf

Design file:              CarrySelectAdder8bit.ncd
Physical constraint file: CarrySelectAdder8bit.pcf
Device,package,speed:     xc6slx9,cpg196,C,-2 (PRODUCTION 1.23 2013-10-13)
Report level:             verbose report

Environment Variable      Effect 
--------------------      ------ 
NONE                      No environment variables were set
--------------------------------------------------------------------------------

INFO:Timing:2698 - No timing constraints found, doing default enumeration.
INFO:Timing:3412 - To improve timing, see the Timing Closure User Guide (UG612).
INFO:Timing:2752 - To get complete path coverage, use the unconstrained paths 
   option. All paths that are not constrained will be reported in the 
   unconstrained paths section(s) of the report.
INFO:Timing:3339 - The clock-to-out numbers in this timing report are based on 
   a 50 Ohm transmission line loading model.  For the details of this model, 
   and for more information on accounting for different loading conditions, 
   please see the device datasheet.



Data Sheet report:
-----------------
All values displayed in nanoseconds (ns)

Pad to Pad
---------------+---------------+---------+
Source Pad     |Destination Pad|  Delay  |
---------------+---------------+---------+
a<0>           |cout           |   12.656|
a<0>           |s<0>           |   10.085|
a<0>           |s<1>           |    9.592|
a<0>           |s<2>           |   10.495|
a<0>           |s<3>           |   10.984|
a<0>           |s<4>           |   12.246|
a<0>           |s<5>           |   12.930|
a<0>           |s<6>           |   13.449|
a<0>           |s<7>           |   13.728|
a<1>           |cout           |   12.631|
a<1>           |s<1>           |    9.389|
a<1>           |s<2>           |   10.003|
a<1>           |s<3>           |   10.959|
a<1>           |s<4>           |   12.221|
a<1>           |s<5>           |   12.859|
a<1>           |s<6>           |   13.424|
a<1>           |s<7>           |   13.703|
a<2>           |cout           |   12.582|
a<2>           |s<2>           |    9.789|
a<2>           |s<3>           |   10.910|
a<2>           |s<4>           |   12.172|
a<2>           |s<5>           |   12.681|
a<2>           |s<6>           |   13.375|
a<2>           |s<7>           |   13.654|
a<3>           |cout           |   11.968|
a<3>           |s<3>           |   10.296|
a<3>           |s<4>           |   11.342|
a<3>           |s<5>           |   11.951|
a<3>           |s<6>           |   12.761|
a<3>           |s<7>           |   13.040|
a<4>           |cout           |   10.236|
a<4>           |s<4>           |    9.950|
a<4>           |s<5>           |   10.872|
a<4>           |s<6>           |   11.029|
a<4>           |s<7>           |   11.308|
a<5>           |cout           |   10.037|
a<5>           |s<5>           |   10.167|
a<5>           |s<6>           |   10.830|
a<5>           |s<7>           |   11.109|
a<6>           |cout           |    9.518|
a<6>           |s<6>           |   10.471|
a<6>           |s<7>           |   10.590|
a<7>           |cout           |    9.071|
a<7>           |s<7>           |   10.143|
b<0>           |cout           |   12.226|
b<0>           |s<0>           |    8.807|
b<0>           |s<1>           |    8.904|
b<0>           |s<2>           |    9.807|
b<0>           |s<3>           |   10.554|
b<0>           |s<4>           |   11.816|
b<0>           |s<5>           |   12.309|
b<0>           |s<6>           |   13.019|
b<0>           |s<7>           |   13.298|
b<1>           |cout           |   12.443|
b<1>           |s<1>           |    8.842|
b<1>           |s<2>           |    9.413|
b<1>           |s<3>           |   10.771|
b<1>           |s<4>           |   12.033|
b<1>           |s<5>           |   12.358|
b<1>           |s<6>           |   13.236|
b<1>           |s<7>           |   13.515|
b<2>           |cout           |   12.749|
b<2>           |s<2>           |    9.912|
b<2>           |s<3>           |   11.077|
b<2>           |s<4>           |   12.339|
b<2>           |s<5>           |   12.505|
b<2>           |s<6>           |   13.542|
b<2>           |s<7>           |   13.821|
b<3>           |cout           |   11.302|
b<3>           |s<3>           |    9.630|
b<3>           |s<4>           |   11.082|
b<3>           |s<5>           |   11.595|
b<3>           |s<6>           |   12.095|
b<3>           |s<7>           |   12.374|
b<4>           |cout           |   10.197|
b<4>           |s<4>           |   10.963|
b<4>           |s<5>           |   10.864|
b<4>           |s<6>           |   10.990|
b<4>           |s<7>           |   11.269|
b<5>           |cout           |   10.192|
b<5>           |s<5>           |    9.894|
b<5>           |s<6>           |   10.985|
b<5>           |s<7>           |   11.264|
b<6>           |cout           |    9.211|
b<6>           |s<6>           |   10.613|
b<6>           |s<7>           |   10.283|
b<7>           |cout           |    9.129|
b<7>           |s<7>           |   10.201|
cin<0>         |cout           |   11.964|
cin<0>         |s<0>           |   10.121|
cin<0>         |s<1>           |    9.922|
cin<0>         |s<2>           |   10.825|
cin<0>         |s<3>           |   10.292|
cin<0>         |s<4>           |   11.580|
cin<0>         |s<5>           |   11.824|
cin<0>         |s<6>           |   12.757|
cin<0>         |s<7>           |   13.036|
---------------+---------------+---------+


Analysis completed Thu Apr 21 16:50:43 2022 
--------------------------------------------------------------------------------

Trace Settings:
-------------------------
Trace Settings 

Peak Memory Usage: 212 MB



