Release 14.7 - xst P.20131013 (nt64)
Copyright (c) 1995-2013 Xilinx, Inc.  All rights reserved.
--> Parameter TMPDIR set to xst/projnav.tmp


Total REAL time to Xst completion: 0.00 secs
Total CPU time to Xst completion: 0.09 secs
 
--> Parameter xsthdpdir set to xst


Total REAL time to Xst completion: 0.00 secs
Total CPU time to Xst completion: 0.09 secs
 
--> Reading design: RippleCarryAdder8bit.prj

TABLE OF CONTENTS
  1) Synthesis Options Summary
  2) HDL Parsing
  3) HDL Elaboration
  4) HDL Synthesis
       4.1) HDL Synthesis Report
  5) Advanced HDL Synthesis
       5.1) Advanced HDL Synthesis Report
  6) Low Level Synthesis
  7) Partition Report
  8) Design Summary
       8.1) Primitive and Black Box Usage
       8.2) Device utilization summary
       8.3) Partition Resource Summary
       8.4) Timing Report
            8.4.1) Clock Information
            8.4.2) Asynchronous Control Signals Information
            8.4.3) Timing Summary
            8.4.4) Timing Details
            8.4.5) Cross Clock Domains Report


=========================================================================
*                      Synthesis Options Summary                        *
=========================================================================
---- Source Parameters
Input File Name                    : "RippleCarryAdder8bit.prj"
Ignore Synthesis Constraint File   : NO

---- Target Parameters
Output File Name                   : "RippleCarryAdder8bit"
Output Format                      : NGC
Target Device                      : xc6slx9-2-cpg196

---- Source Options
Top Module Name                    : RippleCarryAdder8bit
Automatic FSM Extraction           : YES
FSM Encoding Algorithm             : Auto
Safe Implementation                : No
FSM Style                          : LUT
RAM Extraction                     : Yes
RAM Style                          : Auto
ROM Extraction                     : Yes
Shift Register Extraction          : YES
ROM Style                          : Auto
Resource Sharing                   : YES
Asynchronous To Synchronous        : NO
Shift Register Minimum Size        : 2
Use DSP Block                      : Auto
Automatic Register Balancing       : No

---- Target Options
LUT Combining                      : Auto
Reduce Control Sets                : Auto
Add IO Buffers                     : YES
Global Maximum Fanout              : 100000
Add Generic Clock Buffer(BUFG)     : 16
Register Duplication               : YES
Optimize Instantiated Primitives   : NO
Use Clock Enable                   : Auto
Use Synchronous Set                : Auto
Use Synchronous Reset              : Auto
Pack IO Registers into IOBs        : Auto
Equivalent register Removal        : YES

---- General Options
Optimization Goal                  : Speed
Optimization Effort                : 1
Power Reduction                    : NO
Keep Hierarchy                     : No
Netlist Hierarchy                  : As_Optimized
RTL Output                         : Yes
Global Optimization                : AllClockNets
Read Cores                         : YES
Write Timing Constraints           : NO
Cross Clock Analysis               : NO
Hierarchy Separator                : /
Bus Delimiter                      : <>
Case Specifier                     : Maintain
Slice Utilization Ratio            : 100
BRAM Utilization Ratio             : 100
DSP48 Utilization Ratio            : 100
Auto BRAM Packing                  : NO
Slice Utilization Ratio Delta      : 5

=========================================================================


=========================================================================
*                          HDL Parsing                                  *
=========================================================================
Parsing VHDL file "C:\Users\Asus\Downloads\Music\session5\RippleCarrayAdder\RippleCarryAdder8bit.vhd" into library work
Parsing entity <RippleCarryAdder8bit>.
Parsing architecture <Structural> of entity <ripplecarryadder8bit>.

=========================================================================
*                            HDL Elaboration                            *
=========================================================================

Elaborating entity <RippleCarryAdder8bit> (architecture <Structural>) from library <work>.
WARNING:HDLCompiler:89 - "C:\Users\Asus\Downloads\Music\session5\RippleCarrayAdder\RippleCarryAdder8bit.vhd" Line 40: <fulladder> remains a black-box since it has no binding entity.

=========================================================================
*                           HDL Synthesis                               *
=========================================================================

Synthesizing Unit <RippleCarryAdder8bit>.
    Related source file is "C:\Users\Asus\Downloads\Music\session5\RippleCarrayAdder\RippleCarryAdder8bit.vhd".
WARNING:Xst:647 - Input <a<8:8>> is never used. This port will be preserved and left unconnected if it belongs to a top-level block or it belongs to a sub-block and the hierarchy of this sub-block is preserved.
WARNING:Xst:647 - Input <b<8:8>> is never used. This port will be preserved and left unconnected if it belongs to a top-level block or it belongs to a sub-block and the hierarchy of this sub-block is preserved.
    Summary:
	no macro.
Unit <RippleCarryAdder8bit> synthesized.

=========================================================================
HDL Synthesis Report

Found no macro
=========================================================================

=========================================================================
*                       Advanced HDL Synthesis                          *
=========================================================================

Reading core <FullAdder.ngc>.
Loading core <FullAdder> for timing and area information for instance <FullAdder1>.
Loading core <FullAdder> for timing and area information for instance <FullAdder2>.
Loading core <FullAdder> for timing and area information for instance <FullAdder3>.
Loading core <FullAdder> for timing and area information for instance <FullAdder4>.
Loading core <FullAdder> for timing and area information for instance <FullAdder5>.
Loading core <FullAdder> for timing and area information for instance <FullAdder6>.
Loading core <FullAdder> for timing and area information for instance <FullAdder7>.
Loading core <FullAdder> for timing and area information for instance <FullAdder8>.

=========================================================================
Advanced HDL Synthesis Report

Found no macro
=========================================================================

=========================================================================
*                         Low Level Synthesis                           *
=========================================================================

Optimizing unit <RippleCarryAdder8bit> ...

Mapping all equations...
Building and optimizing final netlist ...
Found area constraint ratio of 100 (+ 5) on block RippleCarryAdder8bit, actual ratio is 0.

Final Macro Processing ...

=========================================================================
Final Register Report

Found no macro
=========================================================================

=========================================================================
*                           Partition Report                            *
=========================================================================

Partition Implementation Status
-------------------------------

  No Partitions were found in this design.

-------------------------------

=========================================================================
*                            Design Summary                             *
=========================================================================

Top Level Output File Name         : RippleCarryAdder8bit.ngc

Primitive and Black Box Usage:
------------------------------
# BELS                             : 16
#      LUT3                        : 16
# IO Buffers                       : 40
#      IBUF                        : 24
#      OBUF                        : 16

Device utilization summary:
---------------------------

Selected Device : 6slx9cpg196-2 


Slice Logic Utilization: 
 Number of Slice LUTs:                   16  out of   5720     0%  
    Number used as Logic:                16  out of   5720     0%  

Slice Logic Distribution: 
 Number of LUT Flip Flop pairs used:     16
   Number with an unused Flip Flop:      16  out of     16   100%  
   Number with an unused LUT:             0  out of     16     0%  
   Number of fully used LUT-FF pairs:     0  out of     16     0%  
   Number of unique control sets:         0

IO Utilization: 
 Number of IOs:                          29
 Number of bonded IOBs:                   9  out of    106     8%  

Specific Feature Utilization:

---------------------------
Partition Resource Summary:
---------------------------

  No Partitions were found in this design.

---------------------------


=========================================================================
Timing Report

NOTE: THESE TIMING NUMBERS ARE ONLY A SYNTHESIS ESTIMATE.
      FOR ACCURATE TIMING INFORMATION PLEASE REFER TO THE TRACE REPORT
      GENERATED AFTER PLACE-and-ROUTE.

Clock Information:
------------------
No clock signals found in this design

Asynchronous Control Signals Information:
----------------------------------------
No asynchronous control signals found in this design

Timing Summary:
---------------
Speed Grade: -2

   Minimum period: No path found
   Minimum input arrival time before clock: No path found
   Maximum output required time after clock: No path found
   Maximum combinational path delay: 52.393ns

Timing Details:
---------------
All values displayed in nanoseconds (ns)

=========================================================================
Timing constraint: Default path analysis
  Total number of paths / destination ports: 97 / 9
-------------------------------------------------------------------------
Delay:               52.393ns (Levels of Logic = 32)
  Source:            a<0> (PAD)
  Destination:       s<7> (PAD)

  Data Path: a<0> to s<7>
                                Gate     Net
    Cell:in->out      fanout   Delay   Delay  Logical Name (Net Name)
    ----------------------------------------  ------------
     begin scope: 'FullAdder1:input1_fullAdder'
     IBUF:I->O             2   1.328   0.954  input1_fullAdder_IBUF (input1_fullAdder_IBUF)
     LUT3:I0->O            1   0.235   0.681  OR1/c1 (Carry_OBUF)
     OBUF:I->O                 2.912          Carry_OBUF (Carry)
     end scope: 'FullAdder1:Carry'
     begin scope: 'FullAdder2:Cin'
     IBUF:I->O             2   1.328   0.726  Cin_IBUF (Cin_IBUF)
     LUT3:I2->O            1   0.254   0.681  OR1/c1 (Carry_OBUF)
     OBUF:I->O                 2.912          Carry_OBUF (Carry)
     end scope: 'FullAdder2:Carry'
     begin scope: 'FullAdder3:Cin'
     IBUF:I->O             2   1.328   0.726  Cin_IBUF (Cin_IBUF)
     LUT3:I2->O            1   0.254   0.681  OR1/c1 (Carry_OBUF)
     OBUF:I->O                 2.912          Carry_OBUF (Carry)
     end scope: 'FullAdder3:Carry'
     begin scope: 'FullAdder4:Cin'
     IBUF:I->O             2   1.328   0.726  Cin_IBUF (Cin_IBUF)
     LUT3:I2->O            1   0.254   0.681  OR1/c1 (Carry_OBUF)
     OBUF:I->O                 2.912          Carry_OBUF (Carry)
     end scope: 'FullAdder4:Carry'
     begin scope: 'FullAdder5:Cin'
     IBUF:I->O             2   1.328   0.726  Cin_IBUF (Cin_IBUF)
     LUT3:I2->O            1   0.254   0.681  OR1/c1 (Carry_OBUF)
     OBUF:I->O                 2.912          Carry_OBUF (Carry)
     end scope: 'FullAdder5:Carry'
     begin scope: 'FullAdder6:Cin'
     IBUF:I->O             2   1.328   0.726  Cin_IBUF (Cin_IBUF)
     LUT3:I2->O            1   0.254   0.681  OR1/c1 (Carry_OBUF)
     OBUF:I->O                 2.912          Carry_OBUF (Carry)
     end scope: 'FullAdder6:Carry'
     begin scope: 'FullAdder7:Cin'
     IBUF:I->O             2   1.328   0.726  Cin_IBUF (Cin_IBUF)
     LUT3:I2->O            1   0.254   0.681  OR1/c1 (Carry_OBUF)
     OBUF:I->O                 2.912          Carry_OBUF (Carry)
     end scope: 'FullAdder7:Carry'
     begin scope: 'FullAdder8:Cin'
     IBUF:I->O             2   1.328   0.954  Cin_IBUF (Cin_IBUF)
     LUT3:I0->O            1   0.235   0.681  Sum1 (Sum_OBUF)
     OBUF:I->O                 2.912          Sum_OBUF (Sum)
     end scope: 'FullAdder8:Sum'
    ----------------------------------------
    Total                     52.393ns (40.681ns logic, 11.712ns route)
                                       (77.6% logic, 22.4% route)

=========================================================================

Cross Clock Domains Report:
--------------------------

=========================================================================


Total REAL time to Xst completion: 5.00 secs
Total CPU time to Xst completion: 4.71 secs
 
--> 

Total memory usage is 4486164 kilobytes

Number of errors   :    0 (   0 filtered)
Number of warnings :    3 (   0 filtered)
Number of infos    :    0 (   0 filtered)

